<?xml version="1.0" encoding="UTF-8"?>
<!-- Generated by org.testng.reporters.JUnitXMLReporter -->
<testsuite hostname="CHEWKS112751" name="Test" tests="1" failures="1" timestamp="27 Mar 2019 11:30:59 GMT" time="82.529" errors="0">
  <testcase name="checkvalidlogin" time="82.515" classname="Tests.LoginPageTestCase">
    <failure type="java.lang.NullPointerException">
      <![CDATA[java.lang.NullPointerException
	at com.google.common.base.Preconditions.checkNotNull(Preconditions.java:212)
	at org.openqa.selenium.support.ui.FluentWait.<init>(FluentWait.java:102)
	at org.openqa.selenium.support.ui.WebDriverWait.<init>(WebDriverWait.java:71)
	at org.openqa.selenium.support.ui.WebDriverWait.<init>(WebDriverWait.java:45)
	at com.gurudemositelogin.Page.LoginPages.Verifyinvalidlogin(LoginPages.java:45)
	at Tests.LoginPageTestCase.checkvalidlogin(LoginPageTestCase.java:22)
... Removed 24 stack frames]]>
    </failure>
  </testcase> <!-- checkvalidlogin -->
</testsuite> <!-- Test -->
